<?xml version="1.0" encoding="UTF-8"?>
<!-- Generated by org.testng.reporters.JUnitReportReporter -->
<testsuite hostname="DESKTOP-0FO2V6Q" failures="0" tests="1" name="testCases.TC002_LoginTest" time="3.670" errors="0" timestamp="2025-03-30T16:18:53 IST" skipped="0">
  <testcase classname="testCases.TC002_LoginTest" name="verify_login" time="3.670"/>
</testsuite> <!-- testCases.TC002_LoginTest -->
