<?xml version="1.0" encoding="UTF-8"?>
<!-- Generated by org.testng.reporters.JUnitReportReporter -->
<testsuite hostname="DESKTOP-0FO2V6Q" failures="0" tests="1" name="testCases.TC002_LoginTest" time="2.440" errors="0" timestamp="2025-03-30T16:19:35 IST" skipped="0">
  <testcase classname="testCases.TC002_LoginTest" name="verify_login" time="2.440"/>
</testsuite> <!-- testCases.TC002_LoginTest -->
